2020-02-29 11:42:41,109 [INFO] 200 GET / Lobby.home 5227ms
2020-02-29 16:22:50,254 [INFO] 200 GET / Lobby.home 1788ms
2020-03-10 14:20:48,976 [INFO] 200 GET / Lobby.home 3433ms
2020-04-07 17:59:34,406 [INFO] 200 GET / Lobby.home 2229ms
2020-04-07 18:12:06,025 [INFO] 200 GET / Lobby.home 216ms
2020-04-07 18:12:38,135 [INFO] 200 GET / Lobby.home 204ms
2020-06-17 13:46:03,676 [INFO] 200 GET / Lobby.home 463ms
2020-06-17 13:46:04,427 [INFO] 200 GET /manifest.json Main.manifest 1ms
2020-06-17 13:46:25,526 [INFO] 200 POST /setup/hook/htENX3ejMmqo Setup.hook 113ms
2020-06-17 13:46:32,011 [INFO] 200 GET /setup/hook?_=1592415964116 Setup.hookForm 37ms
2020-06-17 13:46:33,559 [INFO] 200 POST /setup/hook/htENX3ejMmqo Setup.hook 12ms
2020-06-17 13:46:35,507 [INFO] 200 GET /setup/ai?_=1592415964117 Setup.aiForm 44ms
2020-06-17 13:46:36,746 [INFO] 303 POST /setup/ai Setup.ai 168ms
2020-06-17 13:46:36,911 [INFO] 200 GET /ut1Gawx1 Round.watcher 159ms
2020-06-17 13:46:48,603 [INFO] 404 POST /statlog?e=roundTransientExpire NoHandler 1ms
2020-06-17 13:46:48,623 [INFO] 200 GET /ut1Gawx1aicE?_=1592415996989 Round.player 26ms
2020-06-17 13:47:01,009 [INFO] 404 POST /statlog?e=roundTransientExpire NoHandler 1ms
2020-06-17 13:47:01,034 [INFO] 200 GET /ut1Gawx1aicE?_=1592415996990 Round.player 24ms
2020-06-17 13:47:10,585 [INFO] 200 GET / Lobby.home 28ms
2020-06-17 13:47:16,243 [INFO] 200 GET /setup/friend?_=1592416030696 Setup.friendForm 8ms
2020-06-17 13:47:17,255 [INFO] 303 POST /setup/friend Setup.friend 50ms
2020-06-17 13:47:17,288 [INFO] 200 GET /EGdYRxxR Round.watcher 29ms
2020-06-17 13:47:22,380 [INFO] 200 GET /EGdYRxxR Round.watcher 11ms
2020-06-17 13:47:30,537 [INFO] 200 GET /EGdYRxxR Round.watcher 9ms
2020-06-17 13:47:32,390 [INFO] 303 POST /challenge/EGdYRxxR/accept Challenge.accept 19ms
2020-06-17 13:47:32,413 [INFO] 200 GET /EGdYRxxR Round.watcher 20ms
2020-06-17 13:47:45,930 [INFO] 200 GET /EGdYRxxR Round.watcher 22ms
2020-06-17 13:48:03,220 [INFO] 200 GET /EGdYRxxR Round.watcher 12ms
2020-06-17 13:48:32,019 [INFO] 200 GET / Lobby.home 37ms
2020-06-23 12:10:45,583 [INFO] 200 GET / Lobby.home 835ms
2020-06-23 12:11:03,627 [INFO] 200 GET /setup/ai?_=1592928645988 Setup.aiForm 85ms
2020-06-23 12:11:05,521 [INFO] 200 GET /setup/hook?_=1592928645989 Setup.hookForm 32ms
2020-06-23 12:11:08,350 [INFO] 200 GET /setup/friend?_=1592928645990 Setup.friendForm 34ms
2020-06-23 12:11:15,930 [INFO] 200 GET /dasher?_=1592928645991 Dasher.get 7ms
2020-06-23 12:11:16,473 [INFO] 200 GET /login?referrer=/ Auth.login 14ms
2020-06-23 12:11:20,394 [INFO] 200 GET /signup Auth.signup 15ms
2020-06-23 12:13:25,473 [INFO] 303 POST /signup Auth.signupPost 808ms
2020-06-23 12:13:26,206 [INFO] 200 GET /@/testUser User.show 720ms
2020-06-23 12:13:27,072 [INFO] 204 POST /auth/set-fp/f19deb80a2850a53a45b71c4f6bd8abb/82 Auth.setFingerPrint 114ms
2020-06-23 12:13:34,111 [INFO] 200 GET /notify?page=1&_=1592928806300 Notify.recent 121ms
2020-06-23 12:13:34,208 [INFO] 200 GET /dasher?_=1592928806301 Dasher.get 52ms
2020-06-23 12:21:37,398 [INFO] 200 GET / Lobby.home 568ms
2020-06-23 12:23:33,846 [INFO] 200 GET / Lobby.home 59ms
2020-06-23 12:23:37,207 [INFO] 200 GET /dasher?_=1592929413952 Dasher.get 31ms
2020-06-23 12:23:37,836 [INFO] 200 GET /login?referrer=/ Auth.login 38ms
2020-06-23 12:23:38,104 [INFO] 200 GET /dasher?_=1592929417891 Dasher.get 27ms
2020-06-23 12:23:40,396 [INFO] 200 GET /signup Auth.signup 33ms
2020-06-23 12:24:00,873 [INFO] 303 POST /signup Auth.signupPost 487ms
2020-06-23 12:24:01,914 [INFO] 200 GET /@/username User.show 1035ms
2020-06-23 12:24:02,761 [INFO] 204 POST /auth/set-fp/f19deb80a2850a53a45b71c4f6bd8abb/116 Auth.setFingerPrint 111ms
2020-06-23 12:24:03,706 [INFO] 200 GET /notify?page=1&_=1592929442007 Notify.recent 100ms
2020-06-23 12:24:04,452 [INFO] 200 GET /dasher?_=1592929442008 Dasher.get 54ms
2020-06-23 12:25:41,549 [INFO] 303 POST /logout Auth.logout 130ms
2020-06-23 12:25:41,555 [INFO] 200 GET /login Auth.login 2ms
